  Performing Custom Build Tools
  java.lang.Throwable
  	at fr.inria.tapenadeanalysis.ILLang.baseTree(ILLang.java:444)
  	at ad.allDiff.BlockDifferentiator.collectRefDescriptorsToSave(BlockDifferentiator.java:8445)
  	at ad.allDiff.BlockDifferentiator.buildCallAdjointNodes(BlockDifferentiator.java:7812)
  	at ad.allDiff.BlockDifferentiator.buildAdjointNodes(BlockDifferentiator.java:7415)
  	at ad.allDiff.BlockDifferentiator.differentiateBlock(BlockDifferentiator.java:644)
  	at ad.allDiff.FlowGraphDifferentiator.precomputeDifferentiatedBlocks(FlowGraphDifferentiator.java:1230)
  	at ad.allDiff.FlowGraphDifferentiator.precomputeDifferentiatedBlocksIn(FlowGraphDifferentiator.java:1131)
  	at ad.allDiff.FlowGraphDifferentiator.differentiateProcedureInMode(FlowGraphDifferentiator.java:825)
  	at ad.allDiff.FlowGraphDifferentiator.differentiateProcedure(FlowGraphDifferentiator.java:219)
  	at ad.allDiff.CallGraphDifferentiator.differentiateDownFrom(CallGraphDifferentiator.java:681)
  	at topLevel.Tapenade.analyzeFile(Tapenade.java:571)
  	at topLevel.Tapenade.runTapenade(Tapenade.java:249)
  	at topLevel.Tapenade.<init>(Tapenade.java:91)
  	at topLevel.Tapenade.main(Tapenade.java:214)
  java.lang.Throwable
  	at fr.inria.tapenadeanalysis.ILLang.baseTree(ILLang.java:444)
  	at ad.allDiff.BlockDifferentiator.collectRefDescriptorsToSave(BlockDifferentiator.java:8445)
  	at ad.allDiff.BlockDifferentiator.buildCallAdjointNodes(BlockDifferentiator.java:7818)
  	at ad.allDiff.BlockDifferentiator.buildAdjointNodes(BlockDifferentiator.java:7415)
  	at ad.allDiff.BlockDifferentiator.differentiateBlock(BlockDifferentiator.java:644)
  	at ad.allDiff.FlowGraphDifferentiator.precomputeDifferentiatedBlocks(FlowGraphDifferentiator.java:1230)
  	at ad.allDiff.FlowGraphDifferentiator.precomputeDifferentiatedBlocksIn(FlowGraphDifferentiator.java:1131)
  	at ad.allDiff.FlowGraphDifferentiator.differentiateProcedureInMode(FlowGraphDifferentiator.java:825)
  	at ad.allDiff.FlowGraphDifferentiator.differentiateProcedure(FlowGraphDifferentiator.java:219)
  	at ad.allDiff.CallGraphDifferentiator.differentiateDownFrom(CallGraphDifferentiator.java:681)
  	at topLevel.Tapenade.analyzeFile(Tapenade.java:571)
  	at topLevel.Tapenade.runTapenade(Tapenade.java:249)
  	at topLevel.Tapenade.<init>(Tapenade.java:91)
  	at topLevel.Tapenade.main(Tapenade.java:214)
  java.lang.Throwable
  	at fr.inria.tapenadeanalysis.ILLang.baseTree(ILLang.java:444)
  	at ad.allDiff.BlockDifferentiator.collectRefDescriptorsToSave(BlockDifferentiator.java:8445)
  	at ad.allDiff.BlockDifferentiator.buildCallAdjointNodes(BlockDifferentiator.java:7858)
  	at ad.allDiff.BlockDifferentiator.buildAdjointNodes(BlockDifferentiator.java:7415)
  	at ad.allDiff.BlockDifferentiator.differentiateBlock(BlockDifferentiator.java:644)
  	at ad.allDiff.FlowGraphDifferentiator.precomputeDifferentiatedBlocks(FlowGraphDifferentiator.java:1230)
  	at ad.allDiff.FlowGraphDifferentiator.precomputeDifferentiatedBlocksIn(FlowGraphDifferentiator.java:1131)
  	at ad.allDiff.FlowGraphDifferentiator.differentiateProcedureInMode(FlowGraphDifferentiator.java:825)
  	at ad.allDiff.FlowGraphDifferentiator.differentiateProcedure(FlowGraphDifferentiator.java:219)
  	at ad.allDiff.CallGraphDifferentiator.differentiateDownFrom(CallGraphDifferentiator.java:681)
  	at topLevel.Tapenade.analyzeFile(Tapenade.java:571)
  	at topLevel.Tapenade.runTapenade(Tapenade.java:249)
  	at topLevel.Tapenade.<init>(Tapenade.java:91)
  	at topLevel.Tapenade.main(Tapenade.java:214)
  java.lang.Throwable
  	at fr.inria.tapenadeanalysis.ILLang.baseTree(ILLang.java:444)
  	at ad.allDiff.BlockDifferentiator.collectRefDescriptorsToSave(BlockDifferentiator.java:8445)
  	at ad.allDiff.BlockDifferentiator.buildCallAdjointNodes(BlockDifferentiator.java:7812)
  	at ad.allDiff.BlockDifferentiator.buildAdjointNodes(BlockDifferentiator.java:7415)
  	at ad.allDiff.BlockDifferentiator.differentiateBlock(BlockDifferentiator.java:644)
  	at ad.allDiff.FlowGraphDifferentiator.precomputeDifferentiatedBlocks(FlowGraphDifferentiator.java:1230)
  	at ad.allDiff.FlowGraphDifferentiator.precomputeDifferentiatedBlocksIn(FlowGraphDifferentiator.java:1131)
  	at ad.allDiff.FlowGraphDifferentiator.precomputeDifferentiatedBlocks(FlowGraphDifferentiator.java:1179)
  	at ad.allDiff.FlowGraphDifferentiator.precomputeDifferentiatedBlocksIn(FlowGraphDifferentiator.java:1131)
  	at ad.allDiff.FlowGraphDifferentiator.precomputeDifferentiatedBlocks(FlowGraphDifferentiator.java:1179)
  	at ad.allDiff.FlowGraphDifferentiator.precomputeDifferentiatedBlocksIn(FlowGraphDifferentiator.java:1131)
  	at ad.allDiff.FlowGraphDifferentiator.precomputeDifferentiatedBlocks(FlowGraphDifferentiator.java:1179)
  	at ad.allDiff.FlowGraphDifferentiator.precomputeDifferentiatedBlocksIn(FlowGraphDifferentiator.java:1131)
  	at ad.allDiff.FlowGraphDifferentiator.precomputeDifferentiatedBlocks(FlowGraphDifferentiator.java:1179)
  	at ad.allDiff.FlowGraphDifferentiator.precomputeDifferentiatedBlocksIn(FlowGraphDifferentiator.java:1131)
  	at ad.allDiff.FlowGraphDifferentiator.differentiateProcedureInMode(FlowGraphDifferentiator.java:825)
  	at ad.allDiff.FlowGraphDifferentiator.differentiateProcedure(FlowGraphDifferentiator.java:219)
  	at ad.allDiff.CallGraphDifferentiator.differentiateDownFrom(CallGraphDifferentiator.java:681)
  	at topLevel.Tapenade.analyzeFile(Tapenade.java:571)
  	at topLevel.Tapenade.runTapenade(Tapenade.java:249)
  	at topLevel.Tapenade.<init>(Tapenade.java:91)
  	at topLevel.Tapenade.main(Tapenade.java:214)
  java.lang.Throwable
  	at fr.inria.tapenadeanalysis.ILLang.baseTree(ILLang.java:444)
  	at ad.allDiff.BlockDifferentiator.collectRefDescriptorsToSave(BlockDifferentiator.java:8445)
  	at ad.allDiff.BlockDifferentiator.buildCallAdjointNodes(BlockDifferentiator.java:7818)
  	at ad.allDiff.BlockDifferentiator.buildAdjointNodes(BlockDifferentiator.java:7415)
  	at ad.allDiff.BlockDifferentiator.differentiateBlock(BlockDifferentiator.java:644)
  	at ad.allDiff.FlowGraphDifferentiator.precomputeDifferentiatedBlocks(FlowGraphDifferentiator.java:1230)
  	at ad.allDiff.FlowGraphDifferentiator.precomputeDifferentiatedBlocksIn(FlowGraphDifferentiator.java:1131)
  	at ad.allDiff.FlowGraphDifferentiator.precomputeDifferentiatedBlocks(FlowGraphDifferentiator.java:1179)
  	at ad.allDiff.FlowGraphDifferentiator.precomputeDifferentiatedBlocksIn(FlowGraphDifferentiator.java:1131)
  	at ad.allDiff.FlowGraphDifferentiator.precomputeDifferentiatedBlocks(FlowGraphDifferentiator.java:1179)
  	at ad.allDiff.FlowGraphDifferentiator.precomputeDifferentiatedBlocksIn(FlowGraphDifferentiator.java:1131)
  	at ad.allDiff.FlowGraphDifferentiator.precomputeDifferentiatedBlocks(FlowGraphDifferentiator.java:1179)
  	at ad.allDiff.FlowGraphDifferentiator.precomputeDifferentiatedBlocksIn(FlowGraphDifferentiator.java:1131)
  	at ad.allDiff.FlowGraphDifferentiator.precomputeDifferentiatedBlocks(FlowGraphDifferentiator.java:1179)
  	at ad.allDiff.FlowGraphDifferentiator.precomputeDifferentiatedBlocksIn(FlowGraphDifferentiator.java:1131)
  	at ad.allDiff.FlowGraphDifferentiator.differentiateProcedureInMode(FlowGraphDifferentiator.java:825)
  	at ad.allDiff.FlowGraphDifferentiator.differentiateProcedure(FlowGraphDifferentiator.java:219)
  	at ad.allDiff.CallGraphDifferentiator.differentiateDownFrom(CallGraphDifferentiator.java:681)
  	at topLevel.Tapenade.analyzeFile(Tapenade.java:571)
  	at topLevel.Tapenade.runTapenade(Tapenade.java:249)
  	at topLevel.Tapenade.<init>(Tapenade.java:91)
  	at topLevel.Tapenade.main(Tapenade.java:214)
  java.lang.Throwable
  	at fr.inria.tapenadeanalysis.ILLang.baseTree(ILLang.java:444)
  	at ad.allDiff.BlockDifferentiator.collectRefDescriptorsToSave(BlockDifferentiator.java:8445)
  	at ad.allDiff.BlockDifferentiator.buildCallAdjointNodes(BlockDifferentiator.java:7858)
  	at ad.allDiff.BlockDifferentiator.buildAdjointNodes(BlockDifferentiator.java:7415)
  	at ad.allDiff.BlockDifferentiator.differentiateBlock(BlockDifferentiator.java:644)
  	at ad.allDiff.FlowGraphDifferentiator.precomputeDifferentiatedBlocks(FlowGraphDifferentiator.java:1230)
  	at ad.allDiff.FlowGraphDifferentiator.precomputeDifferentiatedBlocksIn(FlowGraphDifferentiator.java:1131)
  	at ad.allDiff.FlowGraphDifferentiator.precomputeDifferentiatedBlocks(FlowGraphDifferentiator.java:1179)
  	at ad.allDiff.FlowGraphDifferentiator.precomputeDifferentiatedBlocksIn(FlowGraphDifferentiator.java:1131)
  	at ad.allDiff.FlowGraphDifferentiator.precomputeDifferentiatedBlocks(FlowGraphDifferentiator.java:1179)
  	at ad.allDiff.FlowGraphDifferentiator.precomputeDifferentiatedBlocksIn(FlowGraphDifferentiator.java:1131)
  	at ad.allDiff.FlowGraphDifferentiator.precomputeDifferentiatedBlocks(FlowGraphDifferentiator.java:1179)
  	at ad.allDiff.FlowGraphDifferentiator.precomputeDifferentiatedBlocksIn(FlowGraphDifferentiator.java:1131)
  	at ad.allDiff.FlowGraphDifferentiator.precomputeDifferentiatedBlocks(FlowGraphDifferentiator.java:1179)
  	at ad.allDiff.FlowGraphDifferentiator.precomputeDifferentiatedBlocksIn(FlowGraphDifferentiator.java:1131)
  	at ad.allDiff.FlowGraphDifferentiator.differentiateProcedureInMode(FlowGraphDifferentiator.java:825)
  	at ad.allDiff.FlowGraphDifferentiator.differentiateProcedure(FlowGraphDifferentiator.java:219)
  	at ad.allDiff.CallGraphDifferentiator.differentiateDownFrom(CallGraphDifferentiator.java:681)
  	at topLevel.Tapenade.analyzeFile(Tapenade.java:571)
  	at topLevel.Tapenade.runTapenade(Tapenade.java:249)
  	at topLevel.Tapenade.<init>(Tapenade.java:91)
  	at topLevel.Tapenade.main(Tapenade.java:214)
  java.lang.Throwable
  	at fr.inria.tapenadeanalysis.ILLang.baseTree(ILLang.java:444)
  	at ad.allDiff.BlockDifferentiator.collectRefDescriptorsToSave(BlockDifferentiator.java:8445)
  	at ad.allDiff.BlockDifferentiator.buildCallAdjointNodes(BlockDifferentiator.java:7812)
  	at ad.allDiff.BlockDifferentiator.buildAdjointNodes(BlockDifferentiator.java:7415)
  	at ad.allDiff.BlockDifferentiator.differentiateBlock(BlockDifferentiator.java:644)
  	at ad.allDiff.FlowGraphDifferentiator.precomputeDifferentiatedBlocks(FlowGraphDifferentiator.java:1230)
  	at ad.allDiff.FlowGraphDifferentiator.precomputeDifferentiatedBlocksIn(FlowGraphDifferentiator.java:1131)
  	at ad.allDiff.FlowGraphDifferentiator.precomputeDifferentiatedBlocks(FlowGraphDifferentiator.java:1179)
  	at ad.allDiff.FlowGraphDifferentiator.precomputeDifferentiatedBlocksIn(FlowGraphDifferentiator.java:1131)
  	at ad.allDiff.FlowGraphDifferentiator.precomputeDifferentiatedBlocks(FlowGraphDifferentiator.java:1179)
  	at ad.allDiff.FlowGraphDifferentiator.precomputeDifferentiatedBlocksIn(FlowGraphDifferentiator.java:1131)
  	at ad.allDiff.FlowGraphDifferentiator.precomputeDifferentiatedBlocks(FlowGraphDifferentiator.java:1179)
  	at ad.allDiff.FlowGraphDifferentiator.precomputeDifferentiatedBlocksIn(FlowGraphDifferentiator.java:1131)
  	at ad.allDiff.FlowGraphDifferentiator.precomputeDifferentiatedBlocks(FlowGraphDifferentiator.java:1179)
  	at ad.allDiff.FlowGraphDifferentiator.precomputeDifferentiatedBlocksIn(FlowGraphDifferentiator.java:1131)
  	at ad.allDiff.FlowGraphDifferentiator.differentiateProcedureInMode(FlowGraphDifferentiator.java:825)
  	at ad.allDiff.FlowGraphDifferentiator.differentiateProcedure(FlowGraphDifferentiator.java:219)
  	at ad.allDiff.CallGraphDifferentiator.differentiateDownFrom(CallGraphDifferentiator.java:681)
  	at topLevel.Tapenade.analyzeFile(Tapenade.java:571)
  	at topLevel.Tapenade.runTapenade(Tapenade.java:249)
  	at topLevel.Tapenade.<init>(Tapenade.java:91)
  	at topLevel.Tapenade.main(Tapenade.java:214)
  java.lang.Throwable
  	at fr.inria.tapenadeanalysis.ILLang.baseTree(ILLang.java:444)
  	at ad.allDiff.BlockDifferentiator.collectRefDescriptorsToSave(BlockDifferentiator.java:8445)
  	at ad.allDiff.BlockDifferentiator.buildCallAdjointNodes(BlockDifferentiator.java:7818)
  	at ad.allDiff.BlockDifferentiator.buildAdjointNodes(BlockDifferentiator.java:7415)
  	at ad.allDiff.BlockDifferentiator.differentiateBlock(BlockDifferentiator.java:644)
  	at ad.allDiff.FlowGraphDifferentiator.precomputeDifferentiatedBlocks(FlowGraphDifferentiator.java:1230)
  	at ad.allDiff.FlowGraphDifferentiator.precomputeDifferentiatedBlocksIn(FlowGraphDifferentiator.java:1131)
  	at ad.allDiff.FlowGraphDifferentiator.precomputeDifferentiatedBlocks(FlowGraphDifferentiator.java:1179)
  	at ad.allDiff.FlowGraphDifferentiator.precomputeDifferentiatedBlocksIn(FlowGraphDifferentiator.java:1131)
  	at ad.allDiff.FlowGraphDifferentiator.precomputeDifferentiatedBlocks(FlowGraphDifferentiator.java:1179)
  	at ad.allDiff.FlowGraphDifferentiator.precomputeDifferentiatedBlocksIn(FlowGraphDifferentiator.java:1131)
  	at ad.allDiff.FlowGraphDifferentiator.precomputeDifferentiatedBlocks(FlowGraphDifferentiator.java:1179)
  	at ad.allDiff.FlowGraphDifferentiator.precomputeDifferentiatedBlocksIn(FlowGraphDifferentiator.java:1131)
  	at ad.allDiff.FlowGraphDifferentiator.precomputeDifferentiatedBlocks(FlowGraphDifferentiator.java:1179)
  	at ad.allDiff.FlowGraphDifferentiator.precomputeDifferentiatedBlocksIn(FlowGraphDifferentiator.java:1131)
  	at ad.allDiff.FlowGraphDifferentiator.differentiateProcedureInMode(FlowGraphDifferentiator.java:825)
  	at ad.allDiff.FlowGraphDifferentiator.differentiateProcedure(FlowGraphDifferentiator.java:219)
  	at ad.allDiff.CallGraphDifferentiator.differentiateDownFrom(CallGraphDifferentiator.java:681)
  	at topLevel.Tapenade.analyzeFile(Tapenade.java:571)
  	at topLevel.Tapenade.runTapenade(Tapenade.java:249)
  	at topLevel.Tapenade.<init>(Tapenade.java:91)
  	at topLevel.Tapenade.main(Tapenade.java:214)
  java.lang.Throwable
  	at fr.inria.tapenadeanalysis.ILLang.baseTree(ILLang.java:444)
  	at ad.allDiff.BlockDifferentiator.collectRefDescriptorsToSave(BlockDifferentiator.java:8445)
  	at ad.allDiff.BlockDifferentiator.buildCallAdjointNodes(BlockDifferentiator.java:7858)
  	at ad.allDiff.BlockDifferentiator.buildAdjointNodes(BlockDifferentiator.java:7415)
  	at ad.allDiff.BlockDifferentiator.differentiateBlock(BlockDifferentiator.java:644)
  	at ad.allDiff.FlowGraphDifferentiator.precomputeDifferentiatedBlocks(FlowGraphDifferentiator.java:1230)
  	at ad.allDiff.FlowGraphDifferentiator.precomputeDifferentiatedBlocksIn(FlowGraphDifferentiator.java:1131)
  	at ad.allDiff.FlowGraphDifferentiator.precomputeDifferentiatedBlocks(FlowGraphDifferentiator.java:1179)
  	at ad.allDiff.FlowGraphDifferentiator.precomputeDifferentiatedBlocksIn(FlowGraphDifferentiator.java:1131)
  	at ad.allDiff.FlowGraphDifferentiator.precomputeDifferentiatedBlocks(FlowGraphDifferentiator.java:1179)
  	at ad.allDiff.FlowGraphDifferentiator.precomputeDifferentiatedBlocksIn(FlowGraphDifferentiator.java:1131)
  	at ad.allDiff.FlowGraphDifferentiator.precomputeDifferentiatedBlocks(FlowGraphDifferentiator.java:1179)
  	at ad.allDiff.FlowGraphDifferentiator.precomputeDifferentiatedBlocksIn(FlowGraphDifferentiator.java:1131)
  	at ad.allDiff.FlowGraphDifferentiator.precomputeDifferentiatedBlocks(FlowGraphDifferentiator.java:1179)
  	at ad.allDiff.FlowGraphDifferentiator.precomputeDifferentiatedBlocksIn(FlowGraphDifferentiator.java:1131)
  	at ad.allDiff.FlowGraphDifferentiator.differentiateProcedureInMode(FlowGraphDifferentiator.java:825)
  	at ad.allDiff.FlowGraphDifferentiator.differentiateProcedure(FlowGraphDifferentiator.java:219)
  	at ad.allDiff.CallGraphDifferentiator.differentiateDownFrom(CallGraphDifferentiator.java:681)
  	at topLevel.Tapenade.analyzeFile(Tapenade.java:571)
  	at topLevel.Tapenade.runTapenade(Tapenade.java:249)
  	at topLevel.Tapenade.<init>(Tapenade.java:91)
  	at topLevel.Tapenade.main(Tapenade.java:214)
  java.lang.Throwable
  	at fr.inria.tapenadeanalysis.ILLang.baseTree(ILLang.java:444)
  	at ad.allDiff.BlockDifferentiator.collectRefDescriptorsToSave(BlockDifferentiator.java:8445)
  	at ad.allDiff.BlockDifferentiator.buildCallAdjointNodes(BlockDifferentiator.java:7812)
  	at ad.allDiff.BlockDifferentiator.buildAdjointNodes(BlockDifferentiator.java:7415)
  	at ad.allDiff.BlockDifferentiator.differentiateBlock(BlockDifferentiator.java:644)
  	at ad.allDiff.FlowGraphDifferentiator.precomputeDifferentiatedBlocks(FlowGraphDifferentiator.java:1230)
  	at ad.allDiff.FlowGraphDifferentiator.precomputeDifferentiatedBlocksIn(FlowGraphDifferentiator.java:1131)
  	at ad.allDiff.FlowGraphDifferentiator.precomputeDifferentiatedBlocks(FlowGraphDifferentiator.java:1179)
  	at ad.allDiff.FlowGraphDifferentiator.precomputeDifferentiatedBlocksIn(FlowGraphDifferentiator.java:1131)
  	at ad.allDiff.FlowGraphDifferentiator.precomputeDifferentiatedBlocks(FlowGraphDifferentiator.java:1179)
  	at ad.allDiff.FlowGraphDifferentiator.precomputeDifferentiatedBlocksIn(FlowGraphDifferentiator.java:1131)
  	at ad.allDiff.FlowGraphDifferentiator.precomputeDifferentiatedBlocks(FlowGraphDifferentiator.java:1179)
  	at ad.allDiff.FlowGraphDifferentiator.precomputeDifferentiatedBlocksIn(FlowGraphDifferentiator.java:1131)
  	at ad.allDiff.FlowGraphDifferentiator.precomputeDifferentiatedBlocks(FlowGraphDifferentiator.java:1179)
  	at ad.allDiff.FlowGraphDifferentiator.precomputeDifferentiatedBlocksIn(FlowGraphDifferentiator.java:1131)
  	at ad.allDiff.FlowGraphDifferentiator.differentiateProcedureInMode(FlowGraphDifferentiator.java:825)
  	at ad.allDiff.FlowGraphDifferentiator.differentiateProcedure(FlowGraphDifferentiator.java:219)
  	at ad.allDiff.CallGraphDifferentiator.differentiateDownFrom(CallGraphDifferentiator.java:681)
  	at topLevel.Tapenade.analyzeFile(Tapenade.java:571)
  	at topLevel.Tapenade.runTapenade(Tapenade.java:249)
  	at topLevel.Tapenade.<init>(Tapenade.java:91)
  	at topLevel.Tapenade.main(Tapenade.java:214)
  java.lang.Throwable
  	at fr.inria.tapenadeanalysis.ILLang.baseTree(ILLang.java:444)
  	at ad.allDiff.BlockDifferentiator.collectRefDescriptorsToSave(BlockDifferentiator.java:8445)
  	at ad.allDiff.BlockDifferentiator.buildCallAdjointNodes(BlockDifferentiator.java:7818)
  	at ad.allDiff.BlockDifferentiator.buildAdjointNodes(BlockDifferentiator.java:7415)
  	at ad.allDiff.BlockDifferentiator.differentiateBlock(BlockDifferentiator.java:644)
  	at ad.allDiff.FlowGraphDifferentiator.precomputeDifferentiatedBlocks(FlowGraphDifferentiator.java:1230)
  	at ad.allDiff.FlowGraphDifferentiator.precomputeDifferentiatedBlocksIn(FlowGraphDifferentiator.java:1131)
  	at ad.allDiff.FlowGraphDifferentiator.precomputeDifferentiatedBlocks(FlowGraphDifferentiator.java:1179)
  	at ad.allDiff.FlowGraphDifferentiator.precomputeDifferentiatedBlocksIn(FlowGraphDifferentiator.java:1131)
  	at ad.allDiff.FlowGraphDifferentiator.precomputeDifferentiatedBlocks(FlowGraphDifferentiator.java:1179)
  	at ad.allDiff.FlowGraphDifferentiator.precomputeDifferentiatedBlocksIn(FlowGraphDifferentiator.java:1131)
  	at ad.allDiff.FlowGraphDifferentiator.precomputeDifferentiatedBlocks(FlowGraphDifferentiator.java:1179)
  	at ad.allDiff.FlowGraphDifferentiator.precomputeDifferentiatedBlocksIn(FlowGraphDifferentiator.java:1131)
  	at ad.allDiff.FlowGraphDifferentiator.precomputeDifferentiatedBlocks(FlowGraphDifferentiator.java:1179)
  	at ad.allDiff.FlowGraphDifferentiator.precomputeDifferentiatedBlocksIn(FlowGraphDifferentiator.java:1131)
  	at ad.allDiff.FlowGraphDifferentiator.differentiateProcedureInMode(FlowGraphDifferentiator.java:825)
  	at ad.allDiff.FlowGraphDifferentiator.differentiateProcedure(FlowGraphDifferentiator.java:219)
  	at ad.allDiff.CallGraphDifferentiator.differentiateDownFrom(CallGraphDifferentiator.java:681)
  	at topLevel.Tapenade.analyzeFile(Tapenade.java:571)
  	at topLevel.Tapenade.runTapenade(Tapenade.java:249)
  	at topLevel.Tapenade.<init>(Tapenade.java:91)
  	at topLevel.Tapenade.main(Tapenade.java:214)
  java.lang.Throwable
  	at fr.inria.tapenadeanalysis.ILLang.baseTree(ILLang.java:444)
  	at ad.allDiff.BlockDifferentiator.collectRefDescriptorsToSave(BlockDifferentiator.java:8445)
  	at ad.allDiff.BlockDifferentiator.buildCallAdjointNodes(BlockDifferentiator.java:7858)
  	at ad.allDiff.BlockDifferentiator.buildAdjointNodes(BlockDifferentiator.java:7415)
  	at ad.allDiff.BlockDifferentiator.differentiateBlock(BlockDifferentiator.java:644)
  	at ad.allDiff.FlowGraphDifferentiator.precomputeDifferentiatedBlocks(FlowGraphDifferentiator.java:1230)
  	at ad.allDiff.FlowGraphDifferentiator.precomputeDifferentiatedBlocksIn(FlowGraphDifferentiator.java:1131)
  	at ad.allDiff.FlowGraphDifferentiator.precomputeDifferentiatedBlocks(FlowGraphDifferentiator.java:1179)
  	at ad.allDiff.FlowGraphDifferentiator.precomputeDifferentiatedBlocksIn(FlowGraphDifferentiator.java:1131)
  	at ad.allDiff.FlowGraphDifferentiator.precomputeDifferentiatedBlocks(FlowGraphDifferentiator.java:1179)
  	at ad.allDiff.FlowGraphDifferentiator.precomputeDifferentiatedBlocksIn(FlowGraphDifferentiator.java:1131)
  	at ad.allDiff.FlowGraphDifferentiator.precomputeDifferentiatedBlocks(FlowGraphDifferentiator.java:1179)
  	at ad.allDiff.FlowGraphDifferentiator.precomputeDifferentiatedBlocksIn(FlowGraphDifferentiator.java:1131)
  	at ad.allDiff.FlowGraphDifferentiator.precomputeDifferentiatedBlocks(FlowGraphDifferentiator.java:1179)
  	at ad.allDiff.FlowGraphDifferentiator.precomputeDifferentiatedBlocksIn(FlowGraphDifferentiator.java:1131)
  	at ad.allDiff.FlowGraphDifferentiator.differentiateProcedureInMode(FlowGraphDifferentiator.java:825)
  	at ad.allDiff.FlowGraphDifferentiator.differentiateProcedure(FlowGraphDifferentiator.java:219)
  	at ad.allDiff.CallGraphDifferentiator.differentiateDownFrom(CallGraphDifferentiator.java:681)
  	at topLevel.Tapenade.analyzeFile(Tapenade.java:571)
  	at topLevel.Tapenade.runTapenade(Tapenade.java:249)
  	at topLevel.Tapenade.<init>(Tapenade.java:91)
  	at topLevel.Tapenade.main(Tapenade.java:214)
  java.lang.Throwable
  	at fr.inria.tapenadeanalysis.ILLang.baseTree(ILLang.java:444)
  	at ad.allDiff.BlockDifferentiator.collectRefDescriptorsToSave(BlockDifferentiator.java:8445)
  	at ad.allDiff.BlockDifferentiator.buildCallAdjointNodes(BlockDifferentiator.java:7812)
  	at ad.allDiff.BlockDifferentiator.buildAdjointNodes(BlockDifferentiator.java:7415)
  	at ad.allDiff.BlockDifferentiator.differentiateBlock(BlockDifferentiator.java:644)
  	at ad.allDiff.FlowGraphDifferentiator.precomputeDifferentiatedBlocks(FlowGraphDifferentiator.java:1230)
  	at ad.allDiff.FlowGraphDifferentiator.precomputeDifferentiatedBlocksIn(FlowGraphDifferentiator.java:1131)
  	at ad.allDiff.FlowGraphDifferentiator.precomputeDifferentiatedBlocks(FlowGraphDifferentiator.java:1179)
  	at ad.allDiff.FlowGraphDifferentiator.precomputeDifferentiatedBlocksIn(FlowGraphDifferentiator.java:1131)
  	at ad.allDiff.FlowGraphDifferentiator.precomputeDifferentiatedBlocks(FlowGraphDifferentiator.java:1179)
  	at ad.allDiff.FlowGraphDifferentiator.precomputeDifferentiatedBlocksIn(FlowGraphDifferentiator.java:1131)
  	at ad.allDiff.FlowGraphDifferentiator.precomputeDifferentiatedBlocks(FlowGraphDifferentiator.java:1179)
  	at ad.allDiff.FlowGraphDifferentiator.precomputeDifferentiatedBlocksIn(FlowGraphDifferentiator.java:1131)
  	at ad.allDiff.FlowGraphDifferentiator.precomputeDifferentiatedBlocks(FlowGraphDifferentiator.java:1179)
  	at ad.allDiff.FlowGraphDifferentiator.precomputeDifferentiatedBlocksIn(FlowGraphDifferentiator.java:1131)
  	at ad.allDiff.FlowGraphDifferentiator.differentiateProcedureInMode(FlowGraphDifferentiator.java:825)
  	at ad.allDiff.FlowGraphDifferentiator.differentiateProcedure(FlowGraphDifferentiator.java:219)
  	at ad.allDiff.CallGraphDifferentiator.differentiateDownFrom(CallGraphDifferentiator.java:681)
  	at topLevel.Tapenade.analyzeFile(Tapenade.java:571)
  	at topLevel.Tapenade.runTapenade(Tapenade.java:249)
  	at topLevel.Tapenade.<init>(Tapenade.java:91)
  	at topLevel.Tapenade.main(Tapenade.java:214)
  java.lang.Throwable
  	at fr.inria.tapenadeanalysis.ILLang.baseTree(ILLang.java:444)
  	at ad.allDiff.BlockDifferentiator.collectRefDescriptorsToSave(BlockDifferentiator.java:8445)
  	at ad.allDiff.BlockDifferentiator.buildCallAdjointNodes(BlockDifferentiator.java:7818)
  	at ad.allDiff.BlockDifferentiator.buildAdjointNodes(BlockDifferentiator.java:7415)
  	at ad.allDiff.BlockDifferentiator.differentiateBlock(BlockDifferentiator.java:644)
  	at ad.allDiff.FlowGraphDifferentiator.precomputeDifferentiatedBlocks(FlowGraphDifferentiator.java:1230)
  	at ad.allDiff.FlowGraphDifferentiator.precomputeDifferentiatedBlocksIn(FlowGraphDifferentiator.java:1131)
  	at ad.allDiff.FlowGraphDifferentiator.precomputeDifferentiatedBlocks(FlowGraphDifferentiator.java:1179)
  	at ad.allDiff.FlowGraphDifferentiator.precomputeDifferentiatedBlocksIn(FlowGraphDifferentiator.java:1131)
  	at ad.allDiff.FlowGraphDifferentiator.precomputeDifferentiatedBlocks(FlowGraphDifferentiator.java:1179)
  	at ad.allDiff.FlowGraphDifferentiator.precomputeDifferentiatedBlocksIn(FlowGraphDifferentiator.java:1131)
  	at ad.allDiff.FlowGraphDifferentiator.precomputeDifferentiatedBlocks(FlowGraphDifferentiator.java:1179)
  	at ad.allDiff.FlowGraphDifferentiator.precomputeDifferentiatedBlocksIn(FlowGraphDifferentiator.java:1131)
  	at ad.allDiff.FlowGraphDifferentiator.precomputeDifferentiatedBlocks(FlowGraphDifferentiator.java:1179)
  	at ad.allDiff.FlowGraphDifferentiator.precomputeDifferentiatedBlocksIn(FlowGraphDifferentiator.java:1131)
  	at ad.allDiff.FlowGraphDifferentiator.differentiateProcedureInMode(FlowGraphDifferentiator.java:825)
  	at ad.allDiff.FlowGraphDifferentiator.differentiateProcedure(FlowGraphDifferentiator.java:219)
  	at ad.allDiff.CallGraphDifferentiator.differentiateDownFrom(CallGraphDifferentiator.java:681)
  	at topLevel.Tapenade.analyzeFile(Tapenade.java:571)
  	at topLevel.Tapenade.runTapenade(Tapenade.java:249)
  	at topLevel.Tapenade.<init>(Tapenade.java:91)
  	at topLevel.Tapenade.main(Tapenade.java:214)
  java.lang.Throwable
  	at fr.inria.tapenadeanalysis.ILLang.baseTree(ILLang.java:444)
  	at ad.allDiff.BlockDifferentiator.collectRefDescriptorsToSave(BlockDifferentiator.java:8445)
  	at ad.allDiff.BlockDifferentiator.buildCallAdjointNodes(BlockDifferentiator.java:7858)
  	at ad.allDiff.BlockDifferentiator.buildAdjointNodes(BlockDifferentiator.java:7415)
  	at ad.allDiff.BlockDifferentiator.differentiateBlock(BlockDifferentiator.java:644)
  	at ad.allDiff.FlowGraphDifferentiator.precomputeDifferentiatedBlocks(FlowGraphDifferentiator.java:1230)
  	at ad.allDiff.FlowGraphDifferentiator.precomputeDifferentiatedBlocksIn(FlowGraphDifferentiator.java:1131)
  	at ad.allDiff.FlowGraphDifferentiator.precomputeDifferentiatedBlocks(FlowGraphDifferentiator.java:1179)
  	at ad.allDiff.FlowGraphDifferentiator.precomputeDifferentiatedBlocksIn(FlowGraphDifferentiator.java:1131)
  	at ad.allDiff.FlowGraphDifferentiator.precomputeDifferentiatedBlocks(FlowGraphDifferentiator.java:1179)
  	at ad.allDiff.FlowGraphDifferentiator.precomputeDifferentiatedBlocksIn(FlowGraphDifferentiator.java:1131)
  	at ad.allDiff.FlowGraphDifferentiator.precomputeDifferentiatedBlocks(FlowGraphDifferentiator.java:1179)
  	at ad.allDiff.FlowGraphDifferentiator.precomputeDifferentiatedBlocksIn(FlowGraphDifferentiator.java:1131)
  	at ad.allDiff.FlowGraphDifferentiator.precomputeDifferentiatedBlocks(FlowGraphDifferentiator.java:1179)
  	at ad.allDiff.FlowGraphDifferentiator.precomputeDifferentiatedBlocksIn(FlowGraphDifferentiator.java:1131)
  	at ad.allDiff.FlowGraphDifferentiator.differentiateProcedureInMode(FlowGraphDifferentiator.java:825)
  	at ad.allDiff.FlowGraphDifferentiator.differentiateProcedure(FlowGraphDifferentiator.java:219)
  	at ad.allDiff.CallGraphDifferentiator.differentiateDownFrom(CallGraphDifferentiator.java:681)
  	at topLevel.Tapenade.analyzeFile(Tapenade.java:571)
  	at topLevel.Tapenade.runTapenade(Tapenade.java:249)
  	at topLevel.Tapenade.<init>(Tapenade.java:91)
  	at topLevel.Tapenade.main(Tapenade.java:214)
  java.lang.Throwable
  	at fr.inria.tapenadeanalysis.ILLang.baseTree(ILLang.java:444)
  	at ad.allDiff.BlockDifferentiator.collectRefDescriptorsToSave(BlockDifferentiator.java:8445)
  	at ad.allDiff.BlockDifferentiator.buildCallAdjointNodes(BlockDifferentiator.java:7812)
  	at ad.allDiff.BlockDifferentiator.buildAdjointNodes(BlockDifferentiator.java:7415)
  	at ad.allDiff.BlockDifferentiator.differentiateBlock(BlockDifferentiator.java:644)
  	at ad.allDiff.FlowGraphDifferentiator.precomputeDifferentiatedBlocks(FlowGraphDifferentiator.java:1230)
  	at ad.allDiff.FlowGraphDifferentiator.precomputeDifferentiatedBlocksIn(FlowGraphDifferentiator.java:1131)
  	at ad.allDiff.FlowGraphDifferentiator.precomputeDifferentiatedBlocks(FlowGraphDifferentiator.java:1179)
  	at ad.allDiff.FlowGraphDifferentiator.precomputeDifferentiatedBlocksIn(FlowGraphDifferentiator.java:1131)
  	at ad.allDiff.FlowGraphDifferentiator.precomputeDifferentiatedBlocks(FlowGraphDifferentiator.java:1179)
  	at ad.allDiff.FlowGraphDifferentiator.precomputeDifferentiatedBlocksIn(FlowGraphDifferentiator.java:1131)
  	at ad.allDiff.FlowGraphDifferentiator.precomputeDifferentiatedBlocks(FlowGraphDifferentiator.java:1179)
  	at ad.allDiff.FlowGraphDifferentiator.precomputeDifferentiatedBlocksIn(FlowGraphDifferentiator.java:1131)
  	at ad.allDiff.FlowGraphDifferentiator.precomputeDifferentiatedBlocks(FlowGraphDifferentiator.java:1179)
  	at ad.allDiff.FlowGraphDifferentiator.precomputeDifferentiatedBlocksIn(FlowGraphDifferentiator.java:1131)
  	at ad.allDiff.FlowGraphDifferentiator.differentiateProcedureInMode(FlowGraphDifferentiator.java:825)
  	at ad.allDiff.FlowGraphDifferentiator.differentiateProcedure(FlowGraphDifferentiator.java:219)
  	at ad.allDiff.CallGraphDifferentiator.differentiateDownFrom(CallGraphDifferentiator.java:681)
  	at topLevel.Tapenade.analyzeFile(Tapenade.java:571)
  	at topLevel.Tapenade.runTapenade(Tapenade.java:249)
  	at topLevel.Tapenade.<init>(Tapenade.java:91)
  	at topLevel.Tapenade.main(Tapenade.java:214)
  java.lang.Throwable
  	at fr.inria.tapenadeanalysis.ILLang.baseTree(ILLang.java:444)
  	at ad.allDiff.BlockDifferentiator.collectRefDescriptorsToSave(BlockDifferentiator.java:8445)
  	at ad.allDiff.BlockDifferentiator.buildCallAdjointNodes(BlockDifferentiator.java:7818)
  	at ad.allDiff.BlockDifferentiator.buildAdjointNodes(BlockDifferentiator.java:7415)
  	at ad.allDiff.BlockDifferentiator.differentiateBlock(BlockDifferentiator.java:644)
  	at ad.allDiff.FlowGraphDifferentiator.precomputeDifferentiatedBlocks(FlowGraphDifferentiator.java:1230)
  	at ad.allDiff.FlowGraphDifferentiator.precomputeDifferentiatedBlocksIn(FlowGraphDifferentiator.java:1131)
  	at ad.allDiff.FlowGraphDifferentiator.precomputeDifferentiatedBlocks(FlowGraphDifferentiator.java:1179)
  	at ad.allDiff.FlowGraphDifferentiator.precomputeDifferentiatedBlocksIn(FlowGraphDifferentiator.java:1131)
  	at ad.allDiff.FlowGraphDifferentiator.precomputeDifferentiatedBlocks(FlowGraphDifferentiator.java:1179)
  	at ad.allDiff.FlowGraphDifferentiator.precomputeDifferentiatedBlocksIn(FlowGraphDifferentiator.java:1131)
  	at ad.allDiff.FlowGraphDifferentiator.precomputeDifferentiatedBlocks(FlowGraphDifferentiator.java:1179)
  	at ad.allDiff.FlowGraphDifferentiator.precomputeDifferentiatedBlocksIn(FlowGraphDifferentiator.java:1131)
  	at ad.allDiff.FlowGraphDifferentiator.precomputeDifferentiatedBlocks(FlowGraphDifferentiator.java:1179)
  	at ad.allDiff.FlowGraphDifferentiator.precomputeDifferentiatedBlocksIn(FlowGraphDifferentiator.java:1131)
  	at ad.allDiff.FlowGraphDifferentiator.differentiateProcedureInMode(FlowGraphDifferentiator.java:825)
  	at ad.allDiff.FlowGraphDifferentiator.differentiateProcedure(FlowGraphDifferentiator.java:219)
  	at ad.allDiff.CallGraphDifferentiator.differentiateDownFrom(CallGraphDifferentiator.java:681)
  	at topLevel.Tapenade.analyzeFile(Tapenade.java:571)
  	at topLevel.Tapenade.runTapenade(Tapenade.java:249)
  	at topLevel.Tapenade.<init>(Tapenade.java:91)
  	at topLevel.Tapenade.main(Tapenade.java:214)
  java.lang.Throwable
  	at fr.inria.tapenadeanalysis.ILLang.baseTree(ILLang.java:444)
  	at ad.allDiff.BlockDifferentiator.collectRefDescriptorsToSave(BlockDifferentiator.java:8445)
  	at ad.allDiff.BlockDifferentiator.buildCallAdjointNodes(BlockDifferentiator.java:7858)
  	at ad.allDiff.BlockDifferentiator.buildAdjointNodes(BlockDifferentiator.java:7415)
  	at ad.allDiff.BlockDifferentiator.differentiateBlock(BlockDifferentiator.java:644)
  	at ad.allDiff.FlowGraphDifferentiator.precomputeDifferentiatedBlocks(FlowGraphDifferentiator.java:1230)
  	at ad.allDiff.FlowGraphDifferentiator.precomputeDifferentiatedBlocksIn(FlowGraphDifferentiator.java:1131)
  	at ad.allDiff.FlowGraphDifferentiator.precomputeDifferentiatedBlocks(FlowGraphDifferentiator.java:1179)
  	at ad.allDiff.FlowGraphDifferentiator.precomputeDifferentiatedBlocksIn(FlowGraphDifferentiator.java:1131)
  	at ad.allDiff.FlowGraphDifferentiator.precomputeDifferentiatedBlocks(FlowGraphDifferentiator.java:1179)
  	at ad.allDiff.FlowGraphDifferentiator.precomputeDifferentiatedBlocksIn(FlowGraphDifferentiator.java:1131)
  	at ad.allDiff.FlowGraphDifferentiator.precomputeDifferentiatedBlocks(FlowGraphDifferentiator.java:1179)
  	at ad.allDiff.FlowGraphDifferentiator.precomputeDifferentiatedBlocksIn(FlowGraphDifferentiator.java:1131)
  	at ad.allDiff.FlowGraphDifferentiator.precomputeDifferentiatedBlocks(FlowGraphDifferentiator.java:1179)
  	at ad.allDiff.FlowGraphDifferentiator.precomputeDifferentiatedBlocksIn(FlowGraphDifferentiator.java:1131)
  	at ad.allDiff.FlowGraphDifferentiator.differentiateProcedureInMode(FlowGraphDifferentiator.java:825)
  	at ad.allDiff.FlowGraphDifferentiator.differentiateProcedure(FlowGraphDifferentiator.java:219)
  	at ad.allDiff.CallGraphDifferentiator.differentiateDownFrom(CallGraphDifferentiator.java:681)
  	at topLevel.Tapenade.analyzeFile(Tapenade.java:571)
  	at topLevel.Tapenade.runTapenade(Tapenade.java:249)
  	at topLevel.Tapenade.<init>(Tapenade.java:91)
  	at topLevel.Tapenade.main(Tapenade.java:214)
  ADT - Automatic Differentiation via Tapenade
  Version 1.09.4
  Written by Paavo Jumppanen
  Copyright (C) 2006-2018, CSIRO
  
  Making C:\Users\paul.conn\git\CKMR\Bearded2\Bearded2\Bearded2.mk
  
  Compiling fortran include file stdlib.f
  Preprocess Bearded2.cpp
  Compiling Bearded2.cpp
  
  Is parent class AdtArrays in Fortran form? no
  
  Flattening class Bearded2
  Re-compiling code
  
  Compiling working file .\work\DBearded2.0.f95
  
  running TAPENADE with:
  tapenade -inputlanguage fortran95 -outputlanguage fortran95 -head "Bearded2__lglk(Bearded2__lglk)/(pars)" -b -tgtmodulename _d -adjmodulename _b -copyname _c -debug 1 -adjvarname b1_pars -adjfuncname _bpars -o Bearded2__lglk -O .\work\ .\work\DBearded2.1.f95
  
    Tapenade 3.13 (r6666M) - 28 May 2018 09:20 (Expiry Aug 31, 2019) - Java 1.8.0_181 Windows 7
    Tool: (Get base Tree) Unexpected operator: eq
    Tool: (Get base Tree) Unexpected operator: eq
    Tool: (Get base Tree) Unexpected operator: eq
    Tool: (Get base name) Unexpected operator: if
    Tool: (Get base Tree) Unexpected operator: le
    Tool: (Get base Tree) Unexpected operator: le
    Tool: (Get base Tree) Unexpected operator: le
    Tool: (Get base Tree) Unexpected operator: gt
    Tool: (Get base Tree) Unexpected operator: gt
    Tool: (Get base Tree) Unexpected operator: gt
    Tool: (Get base Tree) Unexpected operator: le
    Tool: (Get base Tree) Unexpected operator: le
    Tool: (Get base Tree) Unexpected operator: le
    Tool: (Get base Tree) Unexpected operator: le
    Tool: (Get base Tree) Unexpected operator: le
    Tool: (Get base Tree) Unexpected operator: le
    Tool: (Get base Tree) Unexpected operator: le
    Tool: (Get base Tree) Unexpected operator: le
    Tool: (Get base Tree) Unexpected operator: le
    job is completed: total time 0.83 s
  
  exit code: 0
  
  Compiling result file .\work\Bearded2__lglk_bpars.f95
  Merging result file .\work\Bearded2__lglk_bpars.f95 into working file .\work\DBearded2.1.f95
  Re-compiling working file .\work\DBearded2.1.f95
  Adding stack fixups
  Adding slice fixups
  Expanding macros in DBearded2.hpp.tmp
  Expanding macros in DBearded2.cpp.tmp
  Preprocess RBearded2.cpp
  Compiling RBearded2.cpp
  
  Is parent class DBearded2 in Fortran form? yes
  
  Flattening class RBearded2
  Re-compiling code
  
  Compiling working file .\work\RIBearded2.0.f95
  Merging working file .\work\DBearded2.1.f95 into working file .\work\RIBearded2.0.f95
  Re-compiling working file .\work\RIBearded2.0.f95
  Adding stack fixups
  Adding slice fixups
  Expanding macros in RIBearded2.hpp.tmp
  Expanding macros in RIBearded2.cpp.tmp
  RIBearded2.cpp
  DBearded2.cpp
  Bearded2.cpp
c:\users\paul.conn\git\ckmr\bearded2\bearded2\bearded2.cpp(253): warning C4101: 'pdy': unreferenced local variable
  Generating Code...
  Compiling...
  RBearded2.cpp
  Bearded2_registration.cpp
  Generating Code...
     Creating library C:\Users\paul.conn\git\CKMR\Bearded2\x64\Debug\Bearded2.lib and object C:\Users\paul.conn\git\CKMR\Bearded2\x64\Debug\Bearded2.exp
ADLib.lib(adtarrays.obj) : warning LNK4099: PDB 'ADLib.pdb' was not found with 'ADLib.lib(adtarrays.obj)' or at 'C:\Users\paul.conn\git\CKMR\Bearded2\x64\Debug\ADLib.pdb'; linking object as if no debug info
ADLib.lib(adtmaths.obj) : warning LNK4099: PDB 'ADLib.pdb' was not found with 'ADLib.lib(adtmaths.obj)' or at 'C:\Users\paul.conn\git\CKMR\Bearded2\x64\Debug\ADLib.pdb'; linking object as if no debug info
ADLib.lib(adtparallel.obj) : warning LNK4099: PDB 'ADLib.pdb' was not found with 'ADLib.lib(adtparallel.obj)' or at 'C:\Users\paul.conn\git\CKMR\Bearded2\x64\Debug\ADLib.pdb'; linking object as if no debug info
ADLib.lib(adtthreads.obj) : warning LNK4099: PDB 'ADLib.pdb' was not found with 'ADLib.lib(adtthreads.obj)' or at 'C:\Users\paul.conn\git\CKMR\Bearded2\x64\Debug\ADLib.pdb'; linking object as if no debug info
ADLibR.lib(adtR.obj) : warning LNK4099: PDB 'ADLibR.pdb' was not found with 'ADLibR.lib(adtR.obj)' or at 'C:\Users\paul.conn\git\CKMR\Bearded2\x64\Debug\ADLibR.pdb'; linking object as if no debug info
fdlibm-5.2.lib(e_exp.obj) : warning LNK4099: PDB 'fdlibm-5.2.pdb' was not found with 'fdlibm-5.2.lib(e_exp.obj)' or at 'C:\Users\paul.conn\git\CKMR\Bearded2\x64\Debug\fdlibm-5.2.pdb'; linking object as if no debug info
fdlibm-5.2.lib(e_log.obj) : warning LNK4099: PDB 'fdlibm-5.2.pdb' was not found with 'fdlibm-5.2.lib(e_log.obj)' or at 'C:\Users\paul.conn\git\CKMR\Bearded2\x64\Debug\fdlibm-5.2.pdb'; linking object as if no debug info
fdlibm-5.2.lib(e_pow.obj) : warning LNK4099: PDB 'fdlibm-5.2.pdb' was not found with 'fdlibm-5.2.lib(e_pow.obj)' or at 'C:\Users\paul.conn\git\CKMR\Bearded2\x64\Debug\fdlibm-5.2.pdb'; linking object as if no debug info
fdlibm-5.2.lib(e_sqrt.obj) : warning LNK4099: PDB 'fdlibm-5.2.pdb' was not found with 'fdlibm-5.2.lib(e_sqrt.obj)' or at 'C:\Users\paul.conn\git\CKMR\Bearded2\x64\Debug\fdlibm-5.2.pdb'; linking object as if no debug info
fdlibm-5.2.lib(k_standard.obj) : warning LNK4099: PDB 'fdlibm-5.2.pdb' was not found with 'fdlibm-5.2.lib(k_standard.obj)' or at 'C:\Users\paul.conn\git\CKMR\Bearded2\x64\Debug\fdlibm-5.2.pdb'; linking object as if no debug info
fdlibm-5.2.lib(s_copysign.obj) : warning LNK4099: PDB 'fdlibm-5.2.pdb' was not found with 'fdlibm-5.2.lib(s_copysign.obj)' or at 'C:\Users\paul.conn\git\CKMR\Bearded2\x64\Debug\fdlibm-5.2.pdb'; linking object as if no debug info
fdlibm-5.2.lib(s_fabs.obj) : warning LNK4099: PDB 'fdlibm-5.2.pdb' was not found with 'fdlibm-5.2.lib(s_fabs.obj)' or at 'C:\Users\paul.conn\git\CKMR\Bearded2\x64\Debug\fdlibm-5.2.pdb'; linking object as if no debug info
fdlibm-5.2.lib(s_finite.obj) : warning LNK4099: PDB 'fdlibm-5.2.pdb' was not found with 'fdlibm-5.2.lib(s_finite.obj)' or at 'C:\Users\paul.conn\git\CKMR\Bearded2\x64\Debug\fdlibm-5.2.pdb'; linking object as if no debug info
fdlibm-5.2.lib(s_floor.obj) : warning LNK4099: PDB 'fdlibm-5.2.pdb' was not found with 'fdlibm-5.2.lib(s_floor.obj)' or at 'C:\Users\paul.conn\git\CKMR\Bearded2\x64\Debug\fdlibm-5.2.pdb'; linking object as if no debug info
fdlibm-5.2.lib(s_isnan.obj) : warning LNK4099: PDB 'fdlibm-5.2.pdb' was not found with 'fdlibm-5.2.lib(s_isnan.obj)' or at 'C:\Users\paul.conn\git\CKMR\Bearded2\x64\Debug\fdlibm-5.2.pdb'; linking object as if no debug info
fdlibm-5.2.lib(s_lib_version.obj) : warning LNK4099: PDB 'fdlibm-5.2.pdb' was not found with 'fdlibm-5.2.lib(s_lib_version.obj)' or at 'C:\Users\paul.conn\git\CKMR\Bearded2\x64\Debug\fdlibm-5.2.pdb'; linking object as if no debug info
fdlibm-5.2.lib(s_log1p.obj) : warning LNK4099: PDB 'fdlibm-5.2.pdb' was not found with 'fdlibm-5.2.lib(s_log1p.obj)' or at 'C:\Users\paul.conn\git\CKMR\Bearded2\x64\Debug\fdlibm-5.2.pdb'; linking object as if no debug info
fdlibm-5.2.lib(s_matherr.obj) : warning LNK4099: PDB 'fdlibm-5.2.pdb' was not found with 'fdlibm-5.2.lib(s_matherr.obj)' or at 'C:\Users\paul.conn\git\CKMR\Bearded2\x64\Debug\fdlibm-5.2.pdb'; linking object as if no debug info
fdlibm-5.2.lib(s_rint.obj) : warning LNK4099: PDB 'fdlibm-5.2.pdb' was not found with 'fdlibm-5.2.lib(s_rint.obj)' or at 'C:\Users\paul.conn\git\CKMR\Bearded2\x64\Debug\fdlibm-5.2.pdb'; linking object as if no debug info
fdlibm-5.2.lib(s_scalbn.obj) : warning LNK4099: PDB 'fdlibm-5.2.pdb' was not found with 'fdlibm-5.2.lib(s_scalbn.obj)' or at 'C:\Users\paul.conn\git\CKMR\Bearded2\x64\Debug\fdlibm-5.2.pdb'; linking object as if no debug info
fdlibm-5.2.lib(w_exp.obj) : warning LNK4099: PDB 'fdlibm-5.2.pdb' was not found with 'fdlibm-5.2.lib(w_exp.obj)' or at 'C:\Users\paul.conn\git\CKMR\Bearded2\x64\Debug\fdlibm-5.2.pdb'; linking object as if no debug info
fdlibm-5.2.lib(w_log.obj) : warning LNK4099: PDB 'fdlibm-5.2.pdb' was not found with 'fdlibm-5.2.lib(w_log.obj)' or at 'C:\Users\paul.conn\git\CKMR\Bearded2\x64\Debug\fdlibm-5.2.pdb'; linking object as if no debug info
fdlibm-5.2.lib(w_pow.obj) : warning LNK4099: PDB 'fdlibm-5.2.pdb' was not found with 'fdlibm-5.2.lib(w_pow.obj)' or at 'C:\Users\paul.conn\git\CKMR\Bearded2\x64\Debug\fdlibm-5.2.pdb'; linking object as if no debug info
fdlibm-5.2.lib(w_sqrt.obj) : warning LNK4099: PDB 'fdlibm-5.2.pdb' was not found with 'fdlibm-5.2.lib(w_sqrt.obj)' or at 'C:\Users\paul.conn\git\CKMR\Bearded2\x64\Debug\fdlibm-5.2.pdb'; linking object as if no debug info
  Bearded2.vcxproj -> C:\Users\paul.conn\git\CKMR\Bearded2\x64\Debug\Bearded2.dll
  Bearded2.vcxproj -> C:\Users\paul.conn\git\CKMR\Bearded2\x64\Debug\Bearded2.pdb (Full PDB)
