c:\users\paul.conn\git\ckmr\bearded2\x64\debug\bearded2.lib
c:\users\paul.conn\git\ckmr\bearded2\x64\debug\bearded2.exp
c:\users\paul.conn\git\ckmr\bearded2\bearded2\x64\debug\vc140.pdb
c:\users\paul.conn\git\ckmr\bearded2\bearded2\x64\debug\vc140.idb
c:\users\paul.conn\git\ckmr\bearded2\bearded2\x64\debug\bearded2.obj
c:\users\paul.conn\git\ckmr\bearded2\bearded2\x64\debug\dbearded2.obj
c:\users\paul.conn\git\ckmr\bearded2\bearded2\x64\debug\rbearded2.obj
c:\users\paul.conn\git\ckmr\bearded2\bearded2\x64\debug\ribearded2.obj
c:\users\paul.conn\git\ckmr\bearded2\bearded2\x64\debug\bearded2_registration.obj
c:\users\paul.conn\git\ckmr\bearded2\bearded2\dbearded2.hpp
c:\users\paul.conn\git\ckmr\bearded2\bearded2\dbearded2.cpp
c:\users\paul.conn\git\ckmr\bearded2\bearded2\ribearded2.hpp
c:\users\paul.conn\git\ckmr\bearded2\bearded2\ribearded2.cpp
c:\users\paul.conn\git\ckmr\bearded2\x64\debug\bearded2.ilk
c:\users\paul.conn\git\ckmr\bearded2\x64\debug\bearded2.dll
c:\users\paul.conn\git\ckmr\bearded2\x64\debug\bearded2.pdb
c:\users\paul.conn\git\ckmr\bearded2\bearded2\x64\debug\bearded2.tlog\bearded2.write.1u.tlog
c:\users\paul.conn\git\ckmr\bearded2\bearded2\x64\debug\bearded2.tlog\cl.command.1.tlog
c:\users\paul.conn\git\ckmr\bearded2\bearded2\x64\debug\bearded2.tlog\cl.read.1.tlog
c:\users\paul.conn\git\ckmr\bearded2\bearded2\x64\debug\bearded2.tlog\cl.write.1.tlog
c:\users\paul.conn\git\ckmr\bearded2\bearded2\x64\debug\bearded2.tlog\custombuild.command.1.tlog
c:\users\paul.conn\git\ckmr\bearded2\bearded2\x64\debug\bearded2.tlog\custombuild.read.1.tlog
c:\users\paul.conn\git\ckmr\bearded2\bearded2\x64\debug\bearded2.tlog\custombuild.write.1.tlog
c:\users\paul.conn\git\ckmr\bearded2\bearded2\x64\debug\bearded2.tlog\link.command.1.tlog
c:\users\paul.conn\git\ckmr\bearded2\bearded2\x64\debug\bearded2.tlog\link.read.1.tlog
c:\users\paul.conn\git\ckmr\bearded2\bearded2\x64\debug\bearded2.tlog\link.write.1.tlog
